<?xml version="1.0" encoding="UTF-8"?>
<!-- Generated by org.testng.reporters.JUnitReportReporter -->
<testsuite hostname="ETA-LTP-SW76" failures="0" tests="9" name="AdecoCRM.CRM_PO_Quotes" time="46.299" errors="0" timestamp="2024-12-15T15:44:06 IST" skipped="0">
  <testcase classname="AdecoCRM.CRM_PO_Quotes" name="Quotes_ScrollPage" time="8.216"/>
  <system-out/>
  <testcase classname="AdecoCRM.CRM_PO_Quotes" name="Quotes_Date" time="2.259"/>
  <system-out/>
  <testcase classname="AdecoCRM.CRM_PO_Quotes" name="Quotes_Opp" time="3.509"/>
  <system-out/>
  <testcase classname="AdecoCRM.CRM_PO_Quotes" name="Quotes_Sale" time="11.018"/>
  <system-out/>
  <testcase classname="AdecoCRM.CRM_PO_Quotes" name="Quote_Billing_Country" time="3.648"/>
  <system-out/>
  <testcase classname="AdecoCRM.CRM_PO_Quotes" name="Quote_Billing_State" time="2.412"/>
  <system-out/>
  <testcase classname="AdecoCRM.CRM_PO_Quotes" name="Quote_Billing_City" time="2.226"/>
  <system-out/>
  <testcase classname="AdecoCRM.CRM_PO_Quotes" name="Quote_Billing_Pin" time="4.431"/>
  <system-out/>
  <testcase classname="AdecoCRM.CRM_PO_Quotes" name="Quote_Item" time="8.580"/>
  <system-out/>
</testsuite> <!-- AdecoCRM.CRM_PO_Quotes -->
