<?xml version="1.0" encoding="UTF-8"?>
<!-- Generated by org.testng.reporters.JUnitReportReporter -->
<testsuite hostname="ETA-LTP-SW76" failures="0" tests="2" name="TestRunner.Runner" time="40.554" errors="0" timestamp="2024-12-07T07:00:59 IST" skipped="0">
  <testcase classname="TestRunner.Runner" name="runScenario" time="30.264"/>
  <system-out/>
  <testcase classname="TestRunner.Runner" name="runScenario" time="10.290"/>
  <system-out/>
</testsuite> <!-- TestRunner.Runner -->
