<?xml version="1.0" encoding="UTF-8"?>
<!-- Generated by org.testng.reporters.JUnitReportReporter -->
<testsuite hostname="ETA-LTP-SW76" failures="0" tests="4" name="RestAPI.gppd" time="8.684" errors="0" timestamp="2024-11-15T10:04:05 IST" skipped="0">
  <testcase classname="RestAPI.gppd" name="getuser" time="6.583"/>
  <system-out/>
  <testcase classname="RestAPI.gppd" name="createuser" time="1.153"/>
  <system-out/>
  <testcase classname="RestAPI.gppd" name="updateuser" time="0.445"/>
  <system-out/>
  <testcase classname="RestAPI.gppd" name="deleteuser" time="0.503"/>
  <system-out/>
</testsuite> <!-- RestAPI.gppd -->
