<?xml version="1.0" encoding="UTF-8"?>
<!-- Generated by org.testng.reporters.JUnitReportReporter -->
<testsuite hostname="ETA-LTP-SW76" failures="0" tests="1" name="AdecoCRM.LM" time="4.485" errors="0" timestamp="2024-11-17T21:26:08 IST" skipped="0">
  <testcase classname="AdecoCRM.LM" name="createuser" time="4.485"/>
  <system-out/>
</testsuite> <!-- AdecoCRM.LM -->
