<?xml version="1.0" encoding="UTF-8"?>
<!-- Generated by org.testng.reporters.JUnitReportReporter -->
<testsuite hostname="ETA-LTP-SW76" failures="0" tests="1" name="AdecoCRM.Login" time="10.811" errors="0" timestamp="2024-11-17T22:43:38 IST" skipped="0">
  <testcase classname="AdecoCRM.Login" name="log" time="10.811"/>
  <system-out/>
</testsuite> <!-- AdecoCRM.Login -->
