<?xml version="1.0" encoding="UTF-8"?>
<!-- Generated by org.testng.reporters.JUnitReportReporter -->
<testsuite hostname="ETA-LTP-SW76" failures="0" tests="8" name="AdecoCRM.CRM_Contacts" time="46.476" errors="0" timestamp="2024-12-15T17:08:45 IST" skipped="0">
  <testcase classname="AdecoCRM.CRM_Contacts" name="Contact_name" time="7.052"/>
  <system-out/>
  <testcase classname="AdecoCRM.CRM_Contacts" name="Contact_DOB" time="3.870"/>
  <system-out/>
  <testcase classname="AdecoCRM.CRM_Contacts" name="Contact_Des" time="3.815"/>
  <system-out/>
  <testcase classname="AdecoCRM.CRM_Contacts" name="Contact_Acct" time="12.971"/>
  <system-out/>
  <testcase classname="AdecoCRM.CRM_Contacts" name="Contacts_Country" time="7.579"/>
  <system-out/>
  <testcase classname="AdecoCRM.CRM_Contacts" name="Contacts_State" time="3.440"/>
  <system-out/>
  <testcase classname="AdecoCRM.CRM_Contacts" name="Contacts_City" time="2.600"/>
  <system-out/>
  <testcase classname="AdecoCRM.CRM_Contacts" name="Contacts_Pin" time="5.149"/>
  <system-out/>
</testsuite> <!-- AdecoCRM.CRM_Contacts -->
