<?xml version="1.0" encoding="UTF-8"?>
<!-- Generated by org.testng.reporters.JUnitReportReporter -->
<testsuite hostname="ETA-LTP-SW76" failures="0" tests="6" name="AdecoCRM.CRM_Accounts" time="34.857" errors="0" timestamp="2024-12-15T15:40:37 IST" skipped="0">
  <testcase classname="AdecoCRM.CRM_Accounts" name="Account_name" time="9.417"/>
  <system-out/>
  <testcase classname="AdecoCRM.CRM_Accounts" name="Account_web" time="12.166"/>
  <system-out/>
  <testcase classname="AdecoCRM.CRM_Accounts" name="Account_Billing_Country" time="3.660"/>
  <system-out/>
  <testcase classname="AdecoCRM.CRM_Accounts" name="Account_Billing_State" time="2.439"/>
  <system-out/>
  <testcase classname="AdecoCRM.CRM_Accounts" name="Account_Billing_City" time="2.188"/>
  <system-out/>
  <testcase classname="AdecoCRM.CRM_Accounts" name="Account_Billing_Pin" time="4.987"/>
  <system-out/>
</testsuite> <!-- AdecoCRM.CRM_Accounts -->
