<?xml version="1.0" encoding="UTF-8"?>
<!-- Generated by org.testng.reporters.JUnitReportReporter -->
<testsuite hostname="ETA-LTP-SW76" failures="0" tests="12" name="AdecoCRM.CRM_Lead" time="52.147" errors="0" timestamp="2024-12-15T15:28:42 IST" skipped="0">
  <testcase classname="AdecoCRM.CRM_Lead" name="lead" time="1.711"/>
  <system-out/>
  <testcase classname="AdecoCRM.CRM_Lead" name="CreateNew" time="1.922"/>
  <system-out/>
  <testcase classname="AdecoCRM.CRM_Lead" name="AddValue" time="4.466"/>
  <system-out/>
  <testcase classname="AdecoCRM.CRM_Lead" name="Source" time="1.162"/>
  <system-out/>
  <testcase classname="AdecoCRM.CRM_Lead" name="amt" time="16.327"/>
  <system-out/>
  <testcase classname="AdecoCRM.CRM_Lead" name="Scroll" time="0.008"/>
  <system-out/>
  <testcase classname="AdecoCRM.CRM_Lead" name="email" time="3.312"/>
  <system-out/>
  <testcase classname="AdecoCRM.CRM_Lead" name="address" time="7.726"/>
  <system-out/>
  <testcase classname="AdecoCRM.CRM_Lead" name="State" time="5.630"/>
  <system-out/>
  <testcase classname="AdecoCRM.CRM_Lead" name="City" time="5.249"/>
  <system-out/>
  <testcase classname="AdecoCRM.CRM_Lead" name="Pin" time="2.179"/>
  <system-out/>
  <testcase classname="AdecoCRM.CRM_Lead" name="sub" time="2.455"/>
  <system-out/>
</testsuite> <!-- AdecoCRM.CRM_Lead -->
