<?xml version="1.0" encoding="UTF-8"?>
<!-- Generated by org.testng.reporters.JUnitReportReporter -->
<testsuite hostname="ETA-LTP-SW76" failures="0" tests="5" name="AdecoCRM.CRM_PO_SalesOrders" time="23.934" errors="0" timestamp="2024-12-17T20:39:31 IST" skipped="0">
  <testcase classname="AdecoCRM.CRM_PO_SalesOrders" name="SalesOrders_ScrollPage" time="8.959"/>
  <system-out/>
  <testcase classname="AdecoCRM.CRM_PO_SalesOrders" name="SalesOrders_QuoteNo" time="2.892"/>
  <system-out/>
  <testcase classname="AdecoCRM.CRM_PO_SalesOrders" name="SalesOrders_Teams" time="3.595"/>
  <system-out/>
  <testcase classname="AdecoCRM.CRM_PO_SalesOrders" name="SalesOrders_Save" time="2.417"/>
  <system-out/>
  <testcase classname="AdecoCRM.CRM_PO_SalesOrders" name="SalesOrders_Logout" time="6.071"/>
  <system-out/>
</testsuite> <!-- AdecoCRM.CRM_PO_SalesOrders -->
