<?xml version="1.0" encoding="UTF-8"?>
<!-- Generated by org.testng.reporters.JUnitReportReporter -->
<testsuite hostname="ETA-LTP-SW76" failures="0" tests="5" name="AdecoCRM.CRM_PO_Product" time="34.458" errors="0" timestamp="2024-12-15T15:42:51 IST" skipped="0">
  <testcase classname="AdecoCRM.CRM_PO_Product" name="Product_ScrollPage" time="8.099"/>
  <system-out/>
  <testcase classname="AdecoCRM.CRM_PO_Product" name="Product_Name" time="6.494"/>
  <system-out/>
  <testcase classname="AdecoCRM.CRM_PO_Product" name="Product_Part" time="5.334"/>
  <system-out/>
  <testcase classname="AdecoCRM.CRM_PO_Product" name="Product_Price" time="8.577"/>
  <system-out/>
  <testcase classname="AdecoCRM.CRM_PO_Product" name="Product_Qty" time="5.954"/>
  <system-out/>
</testsuite> <!-- AdecoCRM.CRM_PO_Product -->
