<?xml version="1.0" encoding="UTF-8"?>
<!-- Generated by org.testng.reporters.JUnitReportReporter -->
<testsuite hostname="ETA-LTP-SW76" failures="0" tests="5" name="AdecoCRM.CRM_PO_Invoices" time="22.729" errors="0" timestamp="2024-12-17T21:13:14 IST" skipped="0">
  <testcase classname="AdecoCRM.CRM_PO_Invoices" name="Invoices_ScrollPage" time="8.776"/>
  <system-out/>
  <testcase classname="AdecoCRM.CRM_PO_Invoices" name="Invoices_SalesNo" time="2.600"/>
  <system-out/>
  <testcase classname="AdecoCRM.CRM_PO_Invoices" name="Invoices_Teams" time="3.497"/>
  <system-out/>
  <testcase classname="AdecoCRM.CRM_PO_Invoices" name="Invoices_Save" time="1.967"/>
  <system-out/>
  <testcase classname="AdecoCRM.CRM_PO_Invoices" name="Invoices_Logout" time="5.889"/>
  <system-out/>
</testsuite> <!-- AdecoCRM.CRM_PO_Invoices -->
